# JRE version: OpenJDK Runtime Environment (8.0_242-b01) (build 1.8.0_242-release-1644-b01)
# Java VM: OpenJDK 64-Bit Server VM (25.242-b01 mixed mode windows-amd64 compressed oops)
Heap:
 PSYoungGen      total 552960K, used 442071K [0x00000000d5580000, 0x0000000100000000, 0x0000000100000000)
  eden space 407040K, 100% used [0x00000000d5580000,0x00000000ee300000,0x00000000ee300000)
  from space 145920K, 24% used [0x00000000ee300000,0x00000000f0535fb0,0x00000000f7180000)
  to   space 139264K, 17% used [0x00000000f7800000,0x00000000f8f3a2e0,0x0000000100000000)
 ParOldGen       total 282624K, used 109599K [0x0000000080000000, 0x0000000091400000, 0x00000000d5580000)
  object space 282624K, 38% used [0x0000000080000000,0x0000000086b07fa8,0x0000000091400000)
 Metaspace       used 151974K, capacity 162428K, committed 163324K, reserved 1191936K
  class space    used 18454K, capacity 20277K, committed 20476K, reserved 1048576K
GC Heap History (10 events):
Event: 15573.840 GC heap after
Heap after GC invocations=83 (full 10):
 PSYoungGen      total 570880K, used 8308K [0x00000000d5580000, 0x00000000ff700000, 0x0000000100000000)
  eden space 467968K, 0% used [0x00000000d5580000,0x00000000d5580000,0x00000000f1e80000)
  from space 102912K, 8% used [0x00000000f1e80000,0x00000000f269d3c0,0x00000000f8300000)
  to   space 100864K, 0% used [0x00000000f9480000,0x00000000f9480000,0x00000000ff700000)
 ParOldGen       total 282624K, used 92839K [0x0000000080000000, 0x0000000091400000, 0x00000000d5580000)
  object space 282624K, 32% used [0x0000000080000000,0x0000000085aa9e30,0x0000000091400000)
 Metaspace       used 141304K, capacity 151088K, committed 157948K, reserved 1187840K
  class space    used 17224K, capacity 18900K, committed 20220K, reserved 1048576K
}
Event: 15576.652 GC heap before
{Heap before GC invocations=84 (full 10):
 PSYoungGen      total 570880K, used 476276K [0x00000000d5580000, 0x00000000ff700000, 0x0000000100000000)
  eden space 467968K, 100% used [0x00000000d5580000,0x00000000f1e80000,0x00000000f1e80000)
  from space 102912K, 8% used [0x00000000f1e80000,0x00000000f269d3c0,0x00000000f8300000)
  to   space 100864K, 0% used [0x00000000f9480000,0x00000000f9480000,0x00000000ff700000)
 ParOldGen       total 282624K, used 92839K [0x0000000080000000, 0x0000000091400000, 0x00000000d5580000)
  object space 282624K, 32% used [0x0000000080000000,0x0000000085aa9e30,0x0000000091400000)
 Metaspace       used 141424K, capacity 151212K, committed 157948K, reserved 1187840K
  class space    used 17235K, capacity 18921K, committed 20220K, reserved 1048576K
Event: 15576.772 GC heap after
Heap after GC invocations=84 (full 10):
 PSYoungGen      total 568320K, used 91224K [0x00000000d5580000, 0x0000000100000000, 0x0000000100000000)
  eden space 467456K, 0% used [0x00000000d5580000,0x00000000d5580000,0x00000000f1e00000)
  from space 100864K, 90% used [0x00000000f9480000,0x00000000fed963e0,0x00000000ff700000)
  to   space 115712K, 0% used [0x00000000f1e00000,0x00000000f1e00000,0x00000000f8f00000)
 ParOldGen       total 282624K, used 96630K [0x0000000080000000, 0x0000000091400000, 0x00000000d5580000)
  object space 282624K, 34% used [0x0000000080000000,0x0000000085e5d9b0,0x0000000091400000)
 Metaspace       used 141424K, capacity 151212K, committed 157948K, reserved 1187840K
  class space    used 17235K, capacity 18921K, committed 20220K, reserved 1048576K
}
Event: 15578.434 GC heap before
{Heap before GC invocations=85 (full 10):
 PSYoungGen      total 568320K, used 551770K [0x00000000d5580000, 0x0000000100000000, 0x0000000100000000)
  eden space 467456K, 98% used [0x00000000d5580000,0x00000000f1740710,0x00000000f1e00000)
  from space 100864K, 90% used [0x00000000f9480000,0x00000000fed963e0,0x00000000ff700000)
  to   space 115712K, 0% used [0x00000000f1e00000,0x00000000f1e00000,0x00000000f8f00000)
 ParOldGen       total 282624K, used 96630K [0x0000000080000000, 0x0000000091400000, 0x00000000d5580000)
  object space 282624K, 34% used [0x0000000080000000,0x0000000085e5d9b0,0x0000000091400000)
 Metaspace       used 141426K, capacity 151212K, committed 157948K, reserved 1187840K
  class space    used 17235K, capacity 18921K, committed 20220K, reserved 1048576K
Event: 15578.567 GC heap after
Heap after GC invocations=85 (full 10):
 PSYoungGen      total 564224K, used 96306K [0x00000000d5580000, 0x0000000100000000, 0x0000000100000000)
  eden space 467456K, 0% used [0x00000000d5580000,0x00000000d5580000,0x00000000f1e00000)
  from space 96768K, 99% used [0x00000000f1e00000,0x00000000f7c0cb28,0x00000000f7c80000)
  to   space 129536K, 0% used [0x00000000f8180000,0x00000000f8180000,0x0000000100000000)
 ParOldGen       total 282624K, used 100533K [0x0000000080000000, 0x0000000091400000, 0x00000000d5580000)
  object space 282624K, 35% used [0x0000000080000000,0x000000008622d508,0x0000000091400000)
 Metaspace       used 141426K, capacity 151212K, committed 157948K, reserved 1187840K
  class space    used 17235K, capacity 18921K, committed 20220K, reserved 1048576K
}
Event: 15722.723 GC heap before
{Heap before GC invocations=86 (full 10):
 PSYoungGen      total 564224K, used 563762K [0x00000000d5580000, 0x0000000100000000, 0x0000000100000000)
  eden space 467456K, 100% used [0x00000000d5580000,0x00000000f1e00000,0x00000000f1e00000)
  from space 96768K, 99% used [0x00000000f1e00000,0x00000000f7c0cb28,0x00000000f7c80000)
  to   space 129536K, 0% used [0x00000000f8180000,0x00000000f8180000,0x0000000100000000)
 ParOldGen       total 282624K, used 100533K [0x0000000080000000, 0x0000000091400000, 0x00000000d5580000)
  object space 282624K, 35% used [0x0000000080000000,0x000000008622d508,0x0000000091400000)
 Metaspace       used 141588K, capacity 151432K, committed 157948K, reserved 1187840K
  class space    used 17255K, capacity 18957K, committed 20220K, reserved 1048576K
Event: 15722.848 GC heap after
Heap after GC invocations=86 (full 10):
 PSYoungGen      total 536576K, used 113048K [0x00000000d5580000, 0x0000000100000000, 0x0000000100000000)
  eden space 407040K, 0% used [0x00000000d5580000,0x00000000d5580000,0x00000000ee300000)
  from space 129536K, 87% used [0x00000000f8180000,0x00000000fefe62f0,0x0000000100000000)
  to   space 145920K, 0% used [0x00000000ee300000,0x00000000ee300000,0x00000000f7180000)
 ParOldGen       total 282624K, used 100565K [0x0000000080000000, 0x0000000091400000, 0x00000000d5580000)
  object space 282624K, 35% used [0x0000000080000000,0x0000000086235508,0x0000000091400000)
 Metaspace       used 141588K, capacity 151432K, committed 157948K, reserved 1187840K
  class space    used 17255K, capacity 18957K, committed 20220K, reserved 1048576K
}
Event: 16401.626 GC heap before
{Heap before GC invocations=87 (full 10):
 PSYoungGen      total 536576K, used 520088K [0x00000000d5580000, 0x0000000100000000, 0x0000000100000000)
  eden space 407040K, 100% used [0x00000000d5580000,0x00000000ee300000,0x00000000ee300000)
  from space 129536K, 87% used [0x00000000f8180000,0x00000000fefe62f0,0x0000000100000000)
  to   space 145920K, 0% used [0x00000000ee300000,0x00000000ee300000,0x00000000f7180000)
 ParOldGen       total 282624K, used 100565K [0x0000000080000000, 0x0000000091400000, 0x00000000d5580000)
  object space 282624K, 35% used [0x0000000080000000,0x0000000086235508,0x0000000091400000)
 Metaspace       used 149191K, capacity 159306K, committed 160764K, reserved 1189888K
  class space    used 18114K, capacity 19848K, committed 20220K, reserved 1048576K
Event: 16401.662 GC heap after
Heap after GC invocations=87 (full 10):
 PSYoungGen      total 552960K, used 35031K [0x00000000d5580000, 0x0000000100000000, 0x0000000100000000)
  eden space 407040K, 0% used [0x00000000d5580000,0x00000000d5580000,0x00000000ee300000)
  from space 145920K, 24% used [0x00000000ee300000,0x00000000f0535fb0,0x00000000f7180000)
  to   space 139264K, 0% used [0x00000000f7800000,0x00000000f7800000,0x0000000100000000)
 ParOldGen       total 282624K, used 103757K [0x0000000080000000, 0x0000000091400000, 0x00000000d5580000)
  object space 282624K, 36% used [0x0000000080000000,0x0000000086553578,0x0000000091400000)
 Metaspace       used 149191K, capacity 159306K, committed 160764K, reserved 1189888K
  class space    used 18114K, capacity 19848K, committed 20220K, reserved 1048576K
}
Event: 21271.925 GC heap before
{Heap before GC invocations=88 (full 10):
 PSYoungGen      total 552960K, used 442071K [0x00000000d5580000, 0x0000000100000000, 0x0000000100000000)
  eden space 407040K, 100% used [0x00000000d5580000,0x00000000ee300000,0x00000000ee300000)
  from space 145920K, 24% used [0x00000000ee300000,0x00000000f0535fb0,0x00000000f7180000)
  to   space 139264K, 0% used [0x00000000f7800000,0x00000000f7800000,0x0000000100000000)
 ParOldGen       total 282624K, used 103757K [0x0000000080000000, 0x0000000091400000, 0x00000000d5580000)
  object space 282624K, 36% used [0x0000000080000000,0x0000000086553578,0x0000000091400000)
 Metaspace       used 151974K, capacity 162428K, committed 163324K, reserved 1191936K
  class space    used 18454K, capacity 20277K, committed 20476K, reserved 1048576K

